<?xml version="1.0" encoding="UTF-8"?>
<!-- Generated by org.testng.reporters.JUnitXMLReporter -->
<testsuite ignored="0" hostname="MY-PC" failures="0" tests="7" name="Test" time="30.347" errors="0" timestamp="2021-06-25T17:33:52 IST">
  <testcase classname="qaclickacademy.Mavenjava.RestAPITest" name="deleteTwitter" time="0.012"/>
  <testcase classname="qaclickacademy.Mavenjava.RestAPITest" name="postJira" time="0.001"/>
  <testcase classname="qaclickacademy.Mavenjava.AppiumTest" name="androidApp" time="0.001"/>
  <testcase classname="qaclickacademy.Mavenjava.AppiumTest" name="iosApp" time="0.001"/>
  <testcase classname="qaclickacademy.Mavenjava.SeleniumTest" name="browserAutomation" time="0.0"/>
  <testcase classname="qaclickacademy.Mavenjava.SeleniumTest" name="elementsUI" time="0.0"/>
  <testcase classname="qaclickacademy.Mavenjava.SeleniumTest" name="neaOnline" time="30.263"/>
</testsuite> <!-- Test -->
