<?xml version="1.0" encoding="UTF-8"?>
<!-- Generated by org.testng.reporters.JUnitXMLReporter -->
<testsuite ignored="0" hostname="MY-PC" failures="0" tests="3" name="Command line test" time="32.471" errors="0" timestamp="2021-06-25T21:32:00 IST">
  <testcase classname="qaclickacademy.Mavenjava.SeleniumTest" name="browserAutomation" time="0.016"/>
  <testcase classname="qaclickacademy.Mavenjava.SeleniumTest" name="elementsUI" time="0.0"/>
  <testcase classname="qaclickacademy.Mavenjava.SeleniumTest" name="neaOnline" time="32.26"/>
</testsuite> <!-- Command line test -->
