<?xml version="1.0" encoding="UTF-8"?>
<testng-results ignored="0" total="3" passed="3" failed="0" skipped="0">
  <reporter-output>
  </reporter-output>
  <suite started-at="2021-06-25T21:31:27 IST" name="qaclickacademy.Mavenjava.SeleniumTest" finished-at="2021-06-25T21:32:00 IST" duration-ms="32471">
    <groups>
    </groups>
    <test started-at="2021-06-25T21:31:27 IST" name="Command line test" finished-at="2021-06-25T21:32:00 IST" duration-ms="32471">
      <class name="qaclickacademy.Mavenjava.SeleniumTest">
        <test-method signature="browserAutomation()[pri:0, instance:qaclickacademy.Mavenjava.SeleniumTest@694abbdc]" started-at="2021-06-25T21:31:27 IST" name="browserAutomation" finished-at="2021-06-25T21:31:27 IST" duration-ms="16" status="PASS">
          <reporter-output>
          </reporter-output>
        </test-method> <!-- browserAutomation -->
        <test-method signature="elementsUI()[pri:0, instance:qaclickacademy.Mavenjava.SeleniumTest@694abbdc]" started-at="2021-06-25T21:31:27 IST" name="elementsUI" finished-at="2021-06-25T21:31:27 IST" duration-ms="0" status="PASS">
          <reporter-output>
          </reporter-output>
        </test-method> <!-- elementsUI -->
        <test-method signature="neaOnline()[pri:0, instance:qaclickacademy.Mavenjava.SeleniumTest@694abbdc]" started-at="2021-06-25T21:31:27 IST" name="neaOnline" finished-at="2021-06-25T21:32:00 IST" duration-ms="32260" status="PASS">
          <reporter-output>
          </reporter-output>
        </test-method> <!-- neaOnline -->
      </class> <!-- qaclickacademy.Mavenjava.SeleniumTest -->
    </test> <!-- Command line test -->
  </suite> <!-- qaclickacademy.Mavenjava.SeleniumTest -->
</testng-results>
